2025-03-24 11:44:32 [main] INFO  c.r.s.ServiceRegistryApplication - Starting ServiceRegistryApplication using Java 19.0.2 with PID 13888 (C:\Users\Admin\IdeaProjects\pastebin-project\service-registry\target\classes started by Admin in C:\Users\Admin\IdeaProjects\pastebin-project)
2025-03-24 11:44:32 [main] INFO  c.r.s.ServiceRegistryApplication - No active profile set, falling back to 1 default profile: "default"
2025-03-24 11:44:33 [main] INFO  o.s.cloud.context.scope.GenericScope - BeanFactory id=eb66e813-cfe7-3142-88f4-4832bf5828e4
2025-03-24 11:44:33 [main] WARN  o.s.c.s.PostProcessorRegistrationDelegate$BeanPostProcessorChecker - Bean 'org.springframework.cloud.client.loadbalancer.LoadBalancerAutoConfiguration$DeferringLoadBalancerInterceptorConfig' of type [org.springframework.cloud.client.loadbalancer.LoadBalancerAutoConfiguration$DeferringLoadBalancerInterceptorConfig] is not eligible for getting processed by all BeanPostProcessors (for example: not eligible for auto-proxying). The currently created BeanPostProcessor [lbRestClientPostProcessor] is declared through a non-static factory method on that class; consider declaring it as static instead.
2025-03-24 11:44:33 [main] WARN  o.s.c.s.PostProcessorRegistrationDelegate$BeanPostProcessorChecker - Bean 'deferringLoadBalancerInterceptor' of type [org.springframework.cloud.client.loadbalancer.DeferringLoadBalancerInterceptor] is not eligible for getting processed by all BeanPostProcessors (for example: not eligible for auto-proxying). Is this bean getting eagerly injected into a currently created BeanPostProcessor [lbRestClientPostProcessor]? Check the corresponding BeanPostProcessor declaration and its dependencies.
2025-03-24 11:44:33 [main] INFO  o.s.b.w.e.tomcat.TomcatWebServer - Tomcat initialized with port 8000 (http)
2025-03-24 11:44:33 [main] INFO  o.s.b.w.s.c.ServletWebServerApplicationContext - Root WebApplicationContext: initialization completed in 939 ms
2025-03-24 11:44:34 [main] INFO  c.n.d.p.DiscoveryJerseyProvider - Using JSON encoding codec LegacyJacksonJson
2025-03-24 11:44:34 [main] INFO  c.n.d.p.DiscoveryJerseyProvider - Using JSON decoding codec LegacyJacksonJson
2025-03-24 11:44:34 [main] INFO  c.n.d.p.DiscoveryJerseyProvider - Using XML encoding codec XStreamXml
2025-03-24 11:44:34 [main] INFO  c.n.d.p.DiscoveryJerseyProvider - Using XML decoding codec XStreamXml
2025-03-24 11:44:34 [main] WARN  o.s.c.l.c.LoadBalancerCacheAutoConfiguration$LoadBalancerCaffeineWarnLogger - Spring Cloud LoadBalancer is currently working with the default cache. While this cache implementation is useful for development and tests, it's recommended to use Caffeine cache in production.You can switch to using Caffeine cache, by adding it and org.springframework.cache.caffeine.CaffeineCacheManager to the classpath.
2025-03-24 11:44:34 [main] INFO  o.s.c.n.eureka.InstanceInfoFactory - Setting initial instance status as: STARTING
2025-03-24 11:44:34 [main] INFO  c.netflix.discovery.DiscoveryClient - Initializing Eureka in region us-east-1
2025-03-24 11:44:34 [main] INFO  c.netflix.discovery.DiscoveryClient - Client configured to neither register nor query for data.
2025-03-24 11:44:34 [main] INFO  c.netflix.discovery.DiscoveryClient - Discovery Client initialized at timestamp 1742802274754 with initial instances count: 0
2025-03-24 11:44:34 [main] INFO  c.n.e.DefaultEurekaServerContext - Initializing ...
2025-03-24 11:44:34 [main] WARN  c.n.eureka.cluster.PeerEurekaNodes - The replica size seems to be empty. Check the route 53 DNS Registry
2025-03-24 11:44:34 [main] INFO  c.n.e.r.AbstractInstanceRegistry - Finished initializing remote region registries. All known remote regions: []
2025-03-24 11:44:34 [main] INFO  c.n.e.DefaultEurekaServerContext - Initialized
2025-03-24 11:44:34 [main] INFO  o.s.b.a.e.web.EndpointLinksResolver - Exposing 1 endpoint(s) beneath base path '/actuator'
2025-03-24 11:44:34 [main] INFO  o.s.c.n.e.s.EurekaServiceRegistry - Registering application SERVICE-REGISTRY with eureka with status UP
2025-03-24 11:44:34 [Thread-9] INFO  o.s.c.n.e.s.EurekaServerBootstrap - isAws returned false
2025-03-24 11:44:34 [Thread-9] INFO  o.s.c.n.e.s.EurekaServerBootstrap - Initialized server context
2025-03-24 11:44:34 [Thread-9] INFO  c.n.e.r.PeerAwareInstanceRegistryImpl - Got 1 instances from neighboring DS node
2025-03-24 11:44:34 [Thread-9] INFO  c.n.e.r.PeerAwareInstanceRegistryImpl - Renew threshold is: 1
2025-03-24 11:44:34 [Thread-9] INFO  c.n.e.r.PeerAwareInstanceRegistryImpl - Changing status to UP
2025-03-24 11:44:34 [Thread-9] INFO  o.s.c.n.e.s.EurekaServerInitializerConfiguration - Started Eureka Server
2025-03-24 11:44:34 [main] INFO  o.s.b.w.e.tomcat.TomcatWebServer - Tomcat started on port 8000 (http) with context path ''
2025-03-24 11:44:34 [main] INFO  o.s.c.n.e.s.EurekaAutoServiceRegistration - Updating port to 8000
2025-03-24 11:44:34 [main] INFO  c.r.s.ServiceRegistryApplication - Started ServiceRegistryApplication in 2.722 seconds (process running for 3.342)
2025-03-24 11:44:34 [SpringApplicationShutdownHook] INFO  o.s.c.n.e.s.EurekaServiceRegistry - Unregistering application SERVICE-REGISTRY with eureka with status DOWN
2025-03-24 11:44:35 [SpringApplicationShutdownHook] INFO  o.s.c.n.e.s.EurekaServerBootstrap - Shutting down Eureka Server..
2025-03-24 11:44:35 [SpringApplicationShutdownHook] INFO  c.n.e.DefaultEurekaServerContext - Shutting down ...
2025-03-24 11:44:35 [SpringApplicationShutdownHook] INFO  c.n.e.DefaultEurekaServerContext - Shut down
2025-03-24 11:44:35 [SpringApplicationShutdownHook] INFO  o.s.c.n.e.s.EurekaServerBootstrap - Eureka Service is now shutdown...
2025-03-24 11:44:35 [SpringApplicationShutdownHook] INFO  c.n.e.DefaultEurekaServerContext - Shutting down ...
2025-03-24 11:44:35 [SpringApplicationShutdownHook] INFO  c.n.e.DefaultEurekaServerContext - Shut down
2025-03-24 11:44:35 [SpringApplicationShutdownHook] INFO  c.netflix.discovery.DiscoveryClient - Shutting down DiscoveryClient ...
2025-03-24 11:44:35 [SpringApplicationShutdownHook] INFO  c.netflix.discovery.DiscoveryClient - Completed shut down of DiscoveryClient
2025-03-24 11:44:58 [main] INFO  c.r.s.ServiceRegistryApplication - Starting ServiceRegistryApplication using Java 19.0.2 with PID 18704 (C:\Users\Admin\IdeaProjects\pastebin-project\service-registry\target\classes started by Admin in C:\Users\Admin\IdeaProjects\pastebin-project)
2025-03-24 11:44:58 [main] INFO  c.r.s.ServiceRegistryApplication - No active profile set, falling back to 1 default profile: "default"
2025-03-24 11:44:59 [main] INFO  o.s.cloud.context.scope.GenericScope - BeanFactory id=eb66e813-cfe7-3142-88f4-4832bf5828e4
2025-03-24 11:45:00 [main] WARN  o.s.c.s.PostProcessorRegistrationDelegate$BeanPostProcessorChecker - Bean 'org.springframework.cloud.client.loadbalancer.LoadBalancerAutoConfiguration$DeferringLoadBalancerInterceptorConfig' of type [org.springframework.cloud.client.loadbalancer.LoadBalancerAutoConfiguration$DeferringLoadBalancerInterceptorConfig] is not eligible for getting processed by all BeanPostProcessors (for example: not eligible for auto-proxying). The currently created BeanPostProcessor [lbRestClientPostProcessor] is declared through a non-static factory method on that class; consider declaring it as static instead.
2025-03-24 11:45:00 [main] WARN  o.s.c.s.PostProcessorRegistrationDelegate$BeanPostProcessorChecker - Bean 'deferringLoadBalancerInterceptor' of type [org.springframework.cloud.client.loadbalancer.DeferringLoadBalancerInterceptor] is not eligible for getting processed by all BeanPostProcessors (for example: not eligible for auto-proxying). Is this bean getting eagerly injected into a currently created BeanPostProcessor [lbRestClientPostProcessor]? Check the corresponding BeanPostProcessor declaration and its dependencies.
2025-03-24 11:45:00 [main] INFO  o.s.b.w.e.tomcat.TomcatWebServer - Tomcat initialized with port 8000 (http)
2025-03-24 11:45:00 [main] INFO  o.a.coyote.http11.Http11NioProtocol - Initializing ProtocolHandler ["http-nio-8000"]
2025-03-24 11:45:00 [main] INFO  o.a.catalina.core.StandardService - Starting service [Tomcat]
2025-03-24 11:45:00 [main] INFO  o.a.catalina.core.StandardEngine - Starting Servlet engine: [Apache Tomcat/10.1.26]
2025-03-24 11:45:00 [main] INFO  o.a.c.c.C.[Tomcat].[localhost].[/] - Initializing Spring embedded WebApplicationContext
2025-03-24 11:45:00 [main] INFO  o.s.b.w.s.c.ServletWebServerApplicationContext - Root WebApplicationContext: initialization completed in 1435 ms
2025-03-24 11:45:01 [main] INFO  c.n.d.p.DiscoveryJerseyProvider - Using JSON encoding codec LegacyJacksonJson
2025-03-24 11:45:01 [main] INFO  c.n.d.p.DiscoveryJerseyProvider - Using JSON decoding codec LegacyJacksonJson
2025-03-24 11:45:01 [main] INFO  c.n.d.p.DiscoveryJerseyProvider - Using XML encoding codec XStreamXml
2025-03-24 11:45:01 [main] INFO  c.n.d.p.DiscoveryJerseyProvider - Using XML decoding codec XStreamXml
2025-03-24 11:45:02 [main] WARN  o.s.c.l.c.LoadBalancerCacheAutoConfiguration$LoadBalancerCaffeineWarnLogger - Spring Cloud LoadBalancer is currently working with the default cache. While this cache implementation is useful for development and tests, it's recommended to use Caffeine cache in production.You can switch to using Caffeine cache, by adding it and org.springframework.cache.caffeine.CaffeineCacheManager to the classpath.
2025-03-24 11:45:02 [main] INFO  o.s.c.n.eureka.InstanceInfoFactory - Setting initial instance status as: STARTING
2025-03-24 11:45:02 [main] INFO  c.netflix.discovery.DiscoveryClient - Initializing Eureka in region us-east-1
2025-03-24 11:45:02 [main] INFO  c.netflix.discovery.DiscoveryClient - Client configured to neither register nor query for data.
2025-03-24 11:45:02 [main] INFO  c.netflix.discovery.DiscoveryClient - Discovery Client initialized at timestamp 1742802302372 with initial instances count: 0
2025-03-24 11:45:02 [main] INFO  c.n.e.DefaultEurekaServerContext - Initializing ...
2025-03-24 11:45:02 [main] WARN  c.n.eureka.cluster.PeerEurekaNodes - The replica size seems to be empty. Check the route 53 DNS Registry
2025-03-24 11:45:02 [main] INFO  c.n.e.r.AbstractInstanceRegistry - Finished initializing remote region registries. All known remote regions: []
2025-03-24 11:45:02 [main] INFO  c.n.e.DefaultEurekaServerContext - Initialized
2025-03-24 11:45:02 [main] INFO  o.s.b.a.e.web.EndpointLinksResolver - Exposing 1 endpoint(s) beneath base path '/actuator'
2025-03-24 11:45:02 [main] INFO  o.s.c.n.e.s.EurekaServiceRegistry - Registering application SERVICE-REGISTRY with eureka with status UP
2025-03-24 11:45:02 [main] INFO  o.a.coyote.http11.Http11NioProtocol - Starting ProtocolHandler ["http-nio-8000"]
2025-03-24 11:45:02 [Thread-9] INFO  o.s.c.n.e.s.EurekaServerBootstrap - isAws returned false
2025-03-24 11:45:02 [Thread-9] INFO  o.s.c.n.e.s.EurekaServerBootstrap - Initialized server context
2025-03-24 11:45:02 [Thread-9] INFO  c.n.e.r.PeerAwareInstanceRegistryImpl - Got 1 instances from neighboring DS node
2025-03-24 11:45:02 [Thread-9] INFO  c.n.e.r.PeerAwareInstanceRegistryImpl - Renew threshold is: 1
2025-03-24 11:45:02 [Thread-9] INFO  c.n.e.r.PeerAwareInstanceRegistryImpl - Changing status to UP
2025-03-24 11:45:02 [Thread-9] INFO  o.s.c.n.e.s.EurekaServerInitializerConfiguration - Started Eureka Server
2025-03-24 11:45:02 [main] INFO  o.s.b.w.e.tomcat.TomcatWebServer - Tomcat started on port 8000 (http) with context path ''
2025-03-24 11:45:02 [main] INFO  o.s.c.n.e.s.EurekaAutoServiceRegistration - Updating port to 8000
2025-03-24 11:45:02 [main] INFO  c.r.s.ServiceRegistryApplication - Started ServiceRegistryApplication in 4.6 seconds (process running for 5.539)
2025-03-24 11:45:13 [http-nio-8000-exec-2] INFO  o.a.c.c.C.[Tomcat].[localhost].[/] - Initializing Spring DispatcherServlet 'dispatcherServlet'
2025-03-24 11:45:13 [http-nio-8000-exec-2] INFO  o.s.web.servlet.DispatcherServlet - Initializing Servlet 'dispatcherServlet'
2025-03-24 11:45:13 [http-nio-8000-exec-2] INFO  o.s.web.servlet.DispatcherServlet - Completed initialization in 2 ms
2025-03-24 11:45:13 [http-nio-8000-exec-1] INFO  c.n.e.r.AbstractInstanceRegistry - Registered instance PASTE-SERVICE/host.docker.internal:paste-service:8020 with status UP (replication=false)
2025-03-24 11:45:17 [http-nio-8000-exec-7] INFO  c.n.e.r.AbstractInstanceRegistry - Registered instance HASH-SERVICE/host.docker.internal:hash-service:8030 with status UP (replication=false)
2025-03-24 11:45:24 [http-nio-8000-exec-6] INFO  c.n.e.r.AbstractInstanceRegistry - Registered instance AUTH-SERVICE/host.docker.internal:auth-service:8010 with status UP (replication=false)
2025-03-24 11:45:31 [http-nio-8000-exec-8] INFO  c.n.e.r.AbstractInstanceRegistry - Registered instance NOTIFICATION-SERVICE/host.docker.internal:notification-service:8050 with status UP (replication=false)
2025-03-24 11:45:42 [http-nio-8000-exec-9] INFO  c.n.e.r.AbstractInstanceRegistry - Registered instance SEARCH-SERVICE/host.docker.internal:search-service:8060 with status UP (replication=false)
2025-03-24 11:46:02 [Eureka-EvictionTimer] INFO  c.n.e.r.AbstractInstanceRegistry - Running the evict task with compensationTime 0ms
2025-03-24 11:47:02 [Eureka-EvictionTimer] INFO  c.n.e.r.AbstractInstanceRegistry - Running the evict task with compensationTime 0ms
2025-03-24 11:48:02 [Eureka-EvictionTimer] INFO  c.n.e.r.AbstractInstanceRegistry - Running the evict task with compensationTime 0ms
2025-03-24 11:49:02 [Eureka-EvictionTimer] INFO  c.n.e.r.AbstractInstanceRegistry - Running the evict task with compensationTime 0ms
2025-03-24 11:50:02 [Eureka-EvictionTimer] INFO  c.n.e.r.AbstractInstanceRegistry - Running the evict task with compensationTime 0ms
2025-03-24 11:50:29 [http-nio-8000-exec-8] INFO  c.n.e.r.AbstractInstanceRegistry - Registered instance USER-SERVICE/host.docker.internal:user-service:8040 with status UP (replication=false)
2025-03-24 11:51:02 [Eureka-EvictionTimer] INFO  c.n.e.r.AbstractInstanceRegistry - Running the evict task with compensationTime 5ms
2025-03-24 11:52:02 [Eureka-EvictionTimer] INFO  c.n.e.r.AbstractInstanceRegistry - Running the evict task with compensationTime 0ms
2025-03-24 11:53:02 [Eureka-EvictionTimer] INFO  c.n.e.r.AbstractInstanceRegistry - Running the evict task with compensationTime 0ms
2025-03-24 11:54:02 [Eureka-EvictionTimer] INFO  c.n.e.r.AbstractInstanceRegistry - Running the evict task with compensationTime 12ms
2025-03-24 11:55:02 [Eureka-PeerNodesUpdater] WARN  c.n.eureka.cluster.PeerEurekaNodes - The replica size seems to be empty. Check the route 53 DNS Registry
2025-03-24 11:55:02 [Eureka-EvictionTimer] INFO  c.n.e.r.AbstractInstanceRegistry - Running the evict task with compensationTime 5ms
2025-03-24 11:56:02 [Eureka-EvictionTimer] INFO  c.n.e.r.AbstractInstanceRegistry - Running the evict task with compensationTime 3ms
2025-03-24 11:57:02 [Eureka-EvictionTimer] INFO  c.n.e.r.AbstractInstanceRegistry - Running the evict task with compensationTime 0ms
2025-03-24 11:58:02 [Eureka-EvictionTimer] INFO  c.n.e.r.AbstractInstanceRegistry - Running the evict task with compensationTime 6ms
2025-03-24 11:59:02 [Eureka-EvictionTimer] INFO  c.n.e.r.AbstractInstanceRegistry - Running the evict task with compensationTime 9ms
2025-03-24 12:00:02 [ReplicaAwareInstanceRegistry - RenewalThresholdUpdater] INFO  c.n.e.r.PeerAwareInstanceRegistryImpl - Current renewal threshold is : 11
2025-03-24 12:00:02 [Eureka-EvictionTimer] INFO  c.n.e.r.AbstractInstanceRegistry - Running the evict task with compensationTime 6ms
2025-03-24 12:01:02 [Eureka-EvictionTimer] INFO  c.n.e.r.AbstractInstanceRegistry - Running the evict task with compensationTime 4ms
2025-03-24 12:02:02 [Eureka-EvictionTimer] INFO  c.n.e.r.AbstractInstanceRegistry - Running the evict task with compensationTime 0ms
2025-03-24 12:03:02 [Eureka-EvictionTimer] INFO  c.n.e.r.AbstractInstanceRegistry - Running the evict task with compensationTime 0ms
2025-03-24 12:04:02 [Eureka-EvictionTimer] INFO  c.n.e.r.AbstractInstanceRegistry - Running the evict task with compensationTime 11ms
2025-03-24 12:05:02 [Eureka-PeerNodesUpdater] WARN  c.n.eureka.cluster.PeerEurekaNodes - The replica size seems to be empty. Check the route 53 DNS Registry
2025-03-24 12:05:02 [Eureka-EvictionTimer] INFO  c.n.e.r.AbstractInstanceRegistry - Running the evict task with compensationTime 0ms
2025-03-24 12:06:02 [Eureka-EvictionTimer] INFO  c.n.e.r.AbstractInstanceRegistry - Running the evict task with compensationTime 5ms
2025-03-24 12:07:02 [Eureka-EvictionTimer] INFO  c.n.e.r.AbstractInstanceRegistry - Running the evict task with compensationTime 2ms
2025-03-24 12:07:17 [http-nio-8000-exec-4] INFO  c.n.e.r.AbstractInstanceRegistry - Registered instance API-GATEWAY/host.docker.internal:api-gateway:8080 with status UP (replication=false)
2025-03-24 12:08:02 [Eureka-EvictionTimer] INFO  c.n.e.r.AbstractInstanceRegistry - Running the evict task with compensationTime 12ms
2025-03-24 12:09:02 [Eureka-EvictionTimer] INFO  c.n.e.r.AbstractInstanceRegistry - Running the evict task with compensationTime 15ms
2025-03-24 12:10:02 [Eureka-EvictionTimer] INFO  c.n.e.r.AbstractInstanceRegistry - Running the evict task with compensationTime 8ms
2025-03-24 12:11:02 [Eureka-EvictionTimer] INFO  c.n.e.r.AbstractInstanceRegistry - Running the evict task with compensationTime 9ms
2025-03-24 12:12:02 [Eureka-EvictionTimer] INFO  c.n.e.r.AbstractInstanceRegistry - Running the evict task with compensationTime 5ms
2025-03-24 12:12:59 [http-nio-8000-exec-5] INFO  c.n.e.r.AbstractInstanceRegistry - Registered instance PASTE-SERVICE/host.docker.internal:paste-service:8020 with status DOWN (replication=false)
2025-03-24 12:13:02 [http-nio-8000-exec-6] INFO  c.n.e.r.AbstractInstanceRegistry - Cancelled instance PASTE-SERVICE/host.docker.internal:paste-service:8020 (replication=false)
2025-03-24 12:13:02 [Eureka-EvictionTimer] INFO  c.n.e.r.AbstractInstanceRegistry - Running the evict task with compensationTime 1ms
2025-03-24 12:13:12 [http-nio-8000-exec-9] INFO  c.n.e.r.AbstractInstanceRegistry - Registered instance PASTE-SERVICE/host.docker.internal:paste-service:8020 with status UP (replication=false)
2025-03-24 12:14:02 [Eureka-EvictionTimer] INFO  c.n.e.r.AbstractInstanceRegistry - Running the evict task with compensationTime 2ms
2025-03-24 12:15:02 [Eureka-PeerNodesUpdater] WARN  c.n.eureka.cluster.PeerEurekaNodes - The replica size seems to be empty. Check the route 53 DNS Registry
2025-03-24 12:15:02 [ReplicaAwareInstanceRegistry - RenewalThresholdUpdater] INFO  c.n.e.r.PeerAwareInstanceRegistryImpl - Current renewal threshold is : 13
2025-03-24 12:15:02 [Eureka-EvictionTimer] INFO  c.n.e.r.AbstractInstanceRegistry - Running the evict task with compensationTime 4ms
2025-03-24 12:16:02 [Eureka-EvictionTimer] INFO  c.n.e.r.AbstractInstanceRegistry - Running the evict task with compensationTime 7ms
2025-03-24 12:17:02 [Eureka-EvictionTimer] INFO  c.n.e.r.AbstractInstanceRegistry - Running the evict task with compensationTime 13ms
2025-03-24 12:18:02 [Eureka-EvictionTimer] INFO  c.n.e.r.AbstractInstanceRegistry - Running the evict task with compensationTime 16ms
2025-03-24 12:19:02 [Eureka-EvictionTimer] INFO  c.n.e.r.AbstractInstanceRegistry - Running the evict task with compensationTime 5ms
2025-03-24 12:20:02 [Eureka-EvictionTimer] INFO  c.n.e.r.AbstractInstanceRegistry - Running the evict task with compensationTime 6ms
2025-03-24 12:21:02 [Eureka-EvictionTimer] INFO  c.n.e.r.AbstractInstanceRegistry - Running the evict task with compensationTime 6ms
2025-03-24 12:22:02 [Eureka-EvictionTimer] INFO  c.n.e.r.AbstractInstanceRegistry - Running the evict task with compensationTime 4ms
2025-03-24 12:23:02 [Eureka-EvictionTimer] INFO  c.n.e.r.AbstractInstanceRegistry - Running the evict task with compensationTime 12ms
2025-03-24 12:24:02 [Eureka-EvictionTimer] INFO  c.n.e.r.AbstractInstanceRegistry - Running the evict task with compensationTime 4ms
2025-03-24 12:25:02 [Eureka-PeerNodesUpdater] WARN  c.n.eureka.cluster.PeerEurekaNodes - The replica size seems to be empty. Check the route 53 DNS Registry
2025-03-24 12:25:02 [Eureka-EvictionTimer] INFO  c.n.e.r.AbstractInstanceRegistry - Running the evict task with compensationTime 1ms
2025-03-24 12:26:02 [Eureka-EvictionTimer] INFO  c.n.e.r.AbstractInstanceRegistry - Running the evict task with compensationTime 0ms
2025-03-24 12:27:02 [Eureka-EvictionTimer] INFO  c.n.e.r.AbstractInstanceRegistry - Running the evict task with compensationTime 15ms
2025-03-24 12:28:02 [Eureka-EvictionTimer] INFO  c.n.e.r.AbstractInstanceRegistry - Running the evict task with compensationTime 10ms
2025-03-24 12:29:02 [Eureka-EvictionTimer] INFO  c.n.e.r.AbstractInstanceRegistry - Running the evict task with compensationTime 1ms
2025-03-24 12:30:02 [ReplicaAwareInstanceRegistry - RenewalThresholdUpdater] INFO  c.n.e.r.PeerAwareInstanceRegistryImpl - Current renewal threshold is : 13
2025-03-24 12:30:02 [Eureka-EvictionTimer] INFO  c.n.e.r.AbstractInstanceRegistry - Running the evict task with compensationTime 3ms
2025-03-24 12:31:02 [Eureka-EvictionTimer] INFO  c.n.e.r.AbstractInstanceRegistry - Running the evict task with compensationTime 6ms
2025-03-24 12:31:57 [http-nio-8000-exec-8] INFO  c.n.e.r.AbstractInstanceRegistry - Registered instance NOTIFICATION-SERVICE/host.docker.internal:notification-service:8050 with status DOWN (replication=false)
2025-03-24 12:32:01 [http-nio-8000-exec-5] INFO  c.n.e.r.AbstractInstanceRegistry - Cancelled instance NOTIFICATION-SERVICE/host.docker.internal:notification-service:8050 (replication=false)
2025-03-24 12:32:02 [Eureka-EvictionTimer] INFO  c.n.e.r.AbstractInstanceRegistry - Running the evict task with compensationTime 0ms
2025-03-24 12:32:09 [http-nio-8000-exec-3] INFO  c.n.e.r.AbstractInstanceRegistry - Registered instance NOTIFICATION-SERVICE/host.docker.internal:notification-service:8050 with status UP (replication=false)
2025-03-24 12:33:02 [Eureka-EvictionTimer] INFO  c.n.e.r.AbstractInstanceRegistry - Running the evict task with compensationTime 0ms
2025-03-24 12:34:02 [Eureka-EvictionTimer] INFO  c.n.e.r.AbstractInstanceRegistry - Running the evict task with compensationTime 0ms
2025-03-24 12:35:02 [Eureka-PeerNodesUpdater] WARN  c.n.eureka.cluster.PeerEurekaNodes - The replica size seems to be empty. Check the route 53 DNS Registry
2025-03-24 12:35:02 [Eureka-EvictionTimer] INFO  c.n.e.r.AbstractInstanceRegistry - Running the evict task with compensationTime 0ms
2025-03-24 12:36:02 [Eureka-EvictionTimer] INFO  c.n.e.r.AbstractInstanceRegistry - Running the evict task with compensationTime 1ms
2025-03-24 12:37:02 [Eureka-EvictionTimer] INFO  c.n.e.r.AbstractInstanceRegistry - Running the evict task with compensationTime 1ms
2025-03-24 12:38:02 [Eureka-EvictionTimer] INFO  c.n.e.r.AbstractInstanceRegistry - Running the evict task with compensationTime 0ms
2025-03-24 12:39:02 [Eureka-EvictionTimer] INFO  c.n.e.r.AbstractInstanceRegistry - Running the evict task with compensationTime 1ms
2025-03-24 12:40:02 [Eureka-EvictionTimer] INFO  c.n.e.r.AbstractInstanceRegistry - Running the evict task with compensationTime 0ms
2025-03-24 12:41:02 [Eureka-EvictionTimer] INFO  c.n.e.r.AbstractInstanceRegistry - Running the evict task with compensationTime 0ms
2025-03-24 12:42:02 [Eureka-EvictionTimer] INFO  c.n.e.r.AbstractInstanceRegistry - Running the evict task with compensationTime 0ms
2025-03-24 12:43:02 [Eureka-EvictionTimer] INFO  c.n.e.r.AbstractInstanceRegistry - Running the evict task with compensationTime 0ms
2025-03-24 12:44:02 [Eureka-EvictionTimer] INFO  c.n.e.r.AbstractInstanceRegistry - Running the evict task with compensationTime 0ms
2025-03-24 12:45:02 [ReplicaAwareInstanceRegistry - RenewalThresholdUpdater] INFO  c.n.e.r.PeerAwareInstanceRegistryImpl - Current renewal threshold is : 13
2025-03-24 12:45:02 [Eureka-PeerNodesUpdater] WARN  c.n.eureka.cluster.PeerEurekaNodes - The replica size seems to be empty. Check the route 53 DNS Registry
2025-03-24 12:45:02 [Eureka-EvictionTimer] INFO  c.n.e.r.AbstractInstanceRegistry - Running the evict task with compensationTime 0ms
2025-03-24 12:46:02 [Eureka-EvictionTimer] INFO  c.n.e.r.AbstractInstanceRegistry - Running the evict task with compensationTime 1ms
2025-03-24 12:47:02 [Eureka-EvictionTimer] INFO  c.n.e.r.AbstractInstanceRegistry - Running the evict task with compensationTime 0ms
2025-03-24 12:48:02 [Eureka-EvictionTimer] INFO  c.n.e.r.AbstractInstanceRegistry - Running the evict task with compensationTime 2ms
2025-03-24 12:49:02 [Eureka-EvictionTimer] INFO  c.n.e.r.AbstractInstanceRegistry - Running the evict task with compensationTime 13ms
2025-03-24 12:49:49 [http-nio-8000-exec-3] INFO  c.n.e.r.AbstractInstanceRegistry - Registered instance AUTH-SERVICE/host.docker.internal:auth-service:8010 with status DOWN (replication=false)
2025-03-24 12:49:53 [http-nio-8000-exec-2] INFO  c.n.e.r.AbstractInstanceRegistry - Cancelled instance AUTH-SERVICE/host.docker.internal:auth-service:8010 (replication=false)
2025-03-24 12:50:01 [http-nio-8000-exec-9] INFO  c.n.e.r.AbstractInstanceRegistry - Registered instance AUTH-SERVICE/host.docker.internal:auth-service:8010 with status UP (replication=false)
2025-03-24 12:50:02 [Eureka-EvictionTimer] INFO  c.n.e.r.AbstractInstanceRegistry - Running the evict task with compensationTime 0ms
2025-03-24 12:51:02 [Eureka-EvictionTimer] INFO  c.n.e.r.AbstractInstanceRegistry - Running the evict task with compensationTime 0ms
2025-03-24 12:51:13 [http-nio-8000-exec-6] INFO  c.n.e.r.AbstractInstanceRegistry - Registered instance AUTH-SERVICE/host.docker.internal:auth-service:8010 with status DOWN (replication=false)
2025-03-24 12:51:16 [http-nio-8000-exec-10] INFO  c.n.e.r.AbstractInstanceRegistry - Cancelled instance AUTH-SERVICE/host.docker.internal:auth-service:8010 (replication=false)
2025-03-24 12:51:24 [http-nio-8000-exec-4] INFO  c.n.e.r.AbstractInstanceRegistry - Registered instance AUTH-SERVICE/host.docker.internal:auth-service:8010 with status UP (replication=false)
2025-03-24 12:52:02 [Eureka-EvictionTimer] INFO  c.n.e.r.AbstractInstanceRegistry - Running the evict task with compensationTime 0ms
2025-03-24 12:52:22 [http-nio-8000-exec-2] INFO  c.n.e.r.AbstractInstanceRegistry - Registered instance AUTH-SERVICE/host.docker.internal:auth-service:8010 with status DOWN (replication=false)
2025-03-24 12:52:26 [http-nio-8000-exec-4] INFO  c.n.e.r.AbstractInstanceRegistry - Cancelled instance AUTH-SERVICE/host.docker.internal:auth-service:8010 (replication=false)
2025-03-24 12:52:33 [http-nio-8000-exec-6] INFO  c.n.e.r.AbstractInstanceRegistry - Registered instance AUTH-SERVICE/host.docker.internal:auth-service:8010 with status UP (replication=false)
2025-03-24 12:53:02 [Eureka-EvictionTimer] INFO  c.n.e.r.AbstractInstanceRegistry - Running the evict task with compensationTime 0ms
2025-03-24 12:54:02 [Eureka-EvictionTimer] INFO  c.n.e.r.AbstractInstanceRegistry - Running the evict task with compensationTime 0ms
2025-03-24 12:55:02 [Eureka-PeerNodesUpdater] WARN  c.n.eureka.cluster.PeerEurekaNodes - The replica size seems to be empty. Check the route 53 DNS Registry
2025-03-24 12:55:02 [Eureka-EvictionTimer] INFO  c.n.e.r.AbstractInstanceRegistry - Running the evict task with compensationTime 0ms
2025-03-24 12:56:02 [Eureka-EvictionTimer] INFO  c.n.e.r.AbstractInstanceRegistry - Running the evict task with compensationTime 9ms
2025-03-24 12:56:56 [http-nio-8000-exec-4] INFO  c.n.e.r.AbstractInstanceRegistry - Registered instance AUTH-SERVICE/host.docker.internal:auth-service:8010 with status DOWN (replication=false)
2025-03-24 12:56:59 [http-nio-8000-exec-5] INFO  c.n.e.r.AbstractInstanceRegistry - Cancelled instance AUTH-SERVICE/host.docker.internal:auth-service:8010 (replication=false)
2025-03-24 12:57:02 [Eureka-EvictionTimer] INFO  c.n.e.r.AbstractInstanceRegistry - Running the evict task with compensationTime 8ms
2025-03-24 12:57:07 [http-nio-8000-exec-6] INFO  c.n.e.r.AbstractInstanceRegistry - Registered instance AUTH-SERVICE/host.docker.internal:auth-service:8010 with status UP (replication=false)
2025-03-24 12:58:02 [Eureka-EvictionTimer] INFO  c.n.e.r.AbstractInstanceRegistry - Running the evict task with compensationTime 0ms
2025-03-24 12:58:51 [http-nio-8000-exec-4] INFO  c.n.e.r.AbstractInstanceRegistry - Registered instance AUTH-SERVICE/host.docker.internal:auth-service:8010 with status DOWN (replication=false)
2025-03-24 12:58:54 [http-nio-8000-exec-7] INFO  c.n.e.r.AbstractInstanceRegistry - Cancelled instance AUTH-SERVICE/host.docker.internal:auth-service:8010 (replication=false)
2025-03-24 12:59:02 [Eureka-EvictionTimer] INFO  c.n.e.r.AbstractInstanceRegistry - Running the evict task with compensationTime 0ms
2025-03-24 12:59:02 [http-nio-8000-exec-6] INFO  c.n.e.r.AbstractInstanceRegistry - Registered instance AUTH-SERVICE/host.docker.internal:auth-service:8010 with status UP (replication=false)
2025-03-24 13:00:02 [ReplicaAwareInstanceRegistry - RenewalThresholdUpdater] INFO  c.n.e.r.PeerAwareInstanceRegistryImpl - Current renewal threshold is : 13
2025-03-24 13:00:02 [Eureka-EvictionTimer] INFO  c.n.e.r.AbstractInstanceRegistry - Running the evict task with compensationTime 7ms
2025-03-24 13:01:02 [Eureka-EvictionTimer] INFO  c.n.e.r.AbstractInstanceRegistry - Running the evict task with compensationTime 0ms
2025-03-24 13:02:02 [Eureka-EvictionTimer] INFO  c.n.e.r.AbstractInstanceRegistry - Running the evict task with compensationTime 4ms
2025-03-24 13:03:02 [Eureka-EvictionTimer] INFO  c.n.e.r.AbstractInstanceRegistry - Running the evict task with compensationTime 3ms
2025-03-24 13:03:55 [http-nio-8000-exec-4] INFO  c.n.e.r.AbstractInstanceRegistry - Registered instance AUTH-SERVICE/host.docker.internal:auth-service:8010 with status DOWN (replication=false)
2025-03-24 13:03:58 [http-nio-8000-exec-5] INFO  c.n.e.r.AbstractInstanceRegistry - Cancelled instance AUTH-SERVICE/host.docker.internal:auth-service:8010 (replication=false)
2025-03-24 13:04:02 [Eureka-EvictionTimer] INFO  c.n.e.r.AbstractInstanceRegistry - Running the evict task with compensationTime 14ms
2025-03-24 13:05:02 [Eureka-PeerNodesUpdater] WARN  c.n.eureka.cluster.PeerEurekaNodes - The replica size seems to be empty. Check the route 53 DNS Registry
2025-03-24 13:05:02 [Eureka-EvictionTimer] INFO  c.n.e.r.AbstractInstanceRegistry - Running the evict task with compensationTime 7ms
2025-03-24 13:05:24 [http-nio-8000-exec-5] INFO  c.n.e.r.AbstractInstanceRegistry - Registered instance AUTH-SERVICE/host.docker.internal:auth-service:8010 with status UP (replication=false)
2025-03-24 13:06:02 [Eureka-EvictionTimer] INFO  c.n.e.r.AbstractInstanceRegistry - Running the evict task with compensationTime 0ms
2025-03-24 13:06:05 [http-nio-8000-exec-6] INFO  c.n.e.r.AbstractInstanceRegistry - Registered instance AUTH-SERVICE/host.docker.internal:auth-service:8010 with status DOWN (replication=false)
2025-03-24 13:06:08 [http-nio-8000-exec-2] INFO  c.n.e.r.AbstractInstanceRegistry - Cancelled instance AUTH-SERVICE/host.docker.internal:auth-service:8010 (replication=false)
2025-03-24 13:06:17 [http-nio-8000-exec-2] INFO  c.n.e.r.AbstractInstanceRegistry - Registered instance AUTH-SERVICE/host.docker.internal:auth-service:8010 with status UP (replication=false)
2025-03-24 13:07:02 [Eureka-EvictionTimer] INFO  c.n.e.r.AbstractInstanceRegistry - Running the evict task with compensationTime 7ms
2025-03-24 13:08:02 [Eureka-EvictionTimer] INFO  c.n.e.r.AbstractInstanceRegistry - Running the evict task with compensationTime 4ms
2025-03-24 13:08:32 [http-nio-8000-exec-1] INFO  c.n.e.r.AbstractInstanceRegistry - Registered instance AUTH-SERVICE/host.docker.internal:auth-service:8010 with status DOWN (replication=false)
2025-03-24 13:08:35 [http-nio-8000-exec-5] INFO  c.n.e.r.AbstractInstanceRegistry - Cancelled instance AUTH-SERVICE/host.docker.internal:auth-service:8010 (replication=false)
2025-03-24 13:08:44 [http-nio-8000-exec-7] INFO  c.n.e.r.AbstractInstanceRegistry - Registered instance AUTH-SERVICE/host.docker.internal:auth-service:8010 with status UP (replication=false)
2025-03-24 13:09:02 [Eureka-EvictionTimer] INFO  c.n.e.r.AbstractInstanceRegistry - Running the evict task with compensationTime 1ms
2025-03-24 13:09:27 [http-nio-8000-exec-5] INFO  c.n.e.r.AbstractInstanceRegistry - Registered instance AUTH-SERVICE/host.docker.internal:auth-service:8010 with status DOWN (replication=false)
2025-03-24 13:09:30 [http-nio-8000-exec-3] INFO  c.n.e.r.AbstractInstanceRegistry - Cancelled instance AUTH-SERVICE/host.docker.internal:auth-service:8010 (replication=false)
2025-03-24 13:09:37 [http-nio-8000-exec-7] INFO  c.n.e.r.AbstractInstanceRegistry - Registered instance AUTH-SERVICE/host.docker.internal:auth-service:8010 with status UP (replication=false)
2025-03-24 13:10:02 [Eureka-EvictionTimer] INFO  c.n.e.r.AbstractInstanceRegistry - Running the evict task with compensationTime 0ms
2025-03-24 13:11:02 [Eureka-EvictionTimer] INFO  c.n.e.r.AbstractInstanceRegistry - Running the evict task with compensationTime 13ms
2025-03-24 13:11:24 [http-nio-8000-exec-5] INFO  c.n.e.r.AbstractInstanceRegistry - Registered instance AUTH-SERVICE/host.docker.internal:auth-service:8010 with status DOWN (replication=false)
2025-03-24 13:11:27 [http-nio-8000-exec-9] INFO  c.n.e.r.AbstractInstanceRegistry - Cancelled instance AUTH-SERVICE/host.docker.internal:auth-service:8010 (replication=false)
2025-03-24 13:11:36 [http-nio-8000-exec-4] INFO  c.n.e.r.AbstractInstanceRegistry - Registered instance AUTH-SERVICE/host.docker.internal:auth-service:8010 with status UP (replication=false)
2025-03-24 13:12:02 [Eureka-EvictionTimer] INFO  c.n.e.r.AbstractInstanceRegistry - Running the evict task with compensationTime 10ms
2025-03-24 13:13:02 [Eureka-EvictionTimer] INFO  c.n.e.r.AbstractInstanceRegistry - Running the evict task with compensationTime 1ms
2025-03-24 13:13:57 [http-nio-8000-exec-3] INFO  c.n.e.r.AbstractInstanceRegistry - Registered instance AUTH-SERVICE/host.docker.internal:auth-service:8010 with status DOWN (replication=false)
2025-03-24 13:14:00 [http-nio-8000-exec-1] INFO  c.n.e.r.AbstractInstanceRegistry - Cancelled instance AUTH-SERVICE/host.docker.internal:auth-service:8010 (replication=false)
2025-03-24 13:14:02 [Eureka-EvictionTimer] INFO  c.n.e.r.AbstractInstanceRegistry - Running the evict task with compensationTime 14ms
2025-03-24 13:14:16 [http-nio-8000-exec-5] INFO  c.n.e.r.AbstractInstanceRegistry - Registered instance AUTH-SERVICE/host.docker.internal:auth-service:8010 with status UP (replication=false)
2025-03-24 13:15:02 [ReplicaAwareInstanceRegistry - RenewalThresholdUpdater] INFO  c.n.e.r.PeerAwareInstanceRegistryImpl - Current renewal threshold is : 13
2025-03-24 13:15:02 [Eureka-PeerNodesUpdater] WARN  c.n.eureka.cluster.PeerEurekaNodes - The replica size seems to be empty. Check the route 53 DNS Registry
2025-03-24 13:15:02 [Eureka-EvictionTimer] INFO  c.n.e.r.AbstractInstanceRegistry - Running the evict task with compensationTime 0ms
2025-03-24 13:15:47 [http-nio-8000-exec-7] INFO  c.n.e.r.AbstractInstanceRegistry - Registered instance AUTH-SERVICE/host.docker.internal:auth-service:8010 with status DOWN (replication=false)
2025-03-24 13:15:50 [http-nio-8000-exec-5] INFO  c.n.e.r.AbstractInstanceRegistry - Cancelled instance AUTH-SERVICE/host.docker.internal:auth-service:8010 (replication=false)
2025-03-24 13:15:57 [http-nio-8000-exec-4] INFO  c.n.e.r.AbstractInstanceRegistry - Registered instance AUTH-SERVICE/host.docker.internal:auth-service:8010 with status UP (replication=false)
2025-03-24 13:16:02 [Eureka-EvictionTimer] INFO  c.n.e.r.AbstractInstanceRegistry - Running the evict task with compensationTime 0ms
2025-03-24 13:17:02 [Eureka-EvictionTimer] INFO  c.n.e.r.AbstractInstanceRegistry - Running the evict task with compensationTime 0ms
2025-03-24 13:17:47 [http-nio-8000-exec-7] INFO  c.n.e.r.AbstractInstanceRegistry - Registered instance AUTH-SERVICE/host.docker.internal:auth-service:8010 with status DOWN (replication=false)
2025-03-24 13:17:50 [http-nio-8000-exec-5] INFO  c.n.e.r.AbstractInstanceRegistry - Cancelled instance AUTH-SERVICE/host.docker.internal:auth-service:8010 (replication=false)
2025-03-24 13:17:57 [http-nio-8000-exec-4] INFO  c.n.e.r.AbstractInstanceRegistry - Registered instance AUTH-SERVICE/host.docker.internal:auth-service:8010 with status UP (replication=false)
2025-03-24 13:18:02 [Eureka-EvictionTimer] INFO  c.n.e.r.AbstractInstanceRegistry - Running the evict task with compensationTime 0ms
2025-03-24 13:19:02 [Eureka-EvictionTimer] INFO  c.n.e.r.AbstractInstanceRegistry - Running the evict task with compensationTime 7ms
2025-03-24 13:20:02 [Eureka-EvictionTimer] INFO  c.n.e.r.AbstractInstanceRegistry - Running the evict task with compensationTime 4ms
2025-03-24 13:21:02 [Eureka-EvictionTimer] INFO  c.n.e.r.AbstractInstanceRegistry - Running the evict task with compensationTime 11ms
2025-03-24 13:22:02 [Eureka-EvictionTimer] INFO  c.n.e.r.AbstractInstanceRegistry - Running the evict task with compensationTime 0ms
2025-03-24 13:23:02 [Eureka-EvictionTimer] INFO  c.n.e.r.AbstractInstanceRegistry - Running the evict task with compensationTime 0ms
2025-03-24 13:23:04 [http-nio-8000-exec-1] INFO  c.n.e.r.AbstractInstanceRegistry - Registered instance AUTH-SERVICE/host.docker.internal:auth-service:8010 with status DOWN (replication=false)
2025-03-24 13:23:07 [http-nio-8000-exec-9] INFO  c.n.e.r.AbstractInstanceRegistry - Cancelled instance AUTH-SERVICE/host.docker.internal:auth-service:8010 (replication=false)
2025-03-24 13:23:12 [http-nio-8000-exec-2] INFO  c.n.e.r.AbstractInstanceRegistry - Registered instance AUTH-SERVICE/host.docker.internal:auth-service:8010 with status UP (replication=false)
2025-03-24 13:23:46 [http-nio-8000-exec-4] INFO  c.n.e.r.AbstractInstanceRegistry - Registered instance AUTH-SERVICE/host.docker.internal:auth-service:8010 with status DOWN (replication=false)
2025-03-24 13:23:49 [http-nio-8000-exec-2] INFO  c.n.e.r.AbstractInstanceRegistry - Cancelled instance AUTH-SERVICE/host.docker.internal:auth-service:8010 (replication=false)
2025-03-24 13:23:55 [http-nio-8000-exec-10] INFO  c.n.e.r.AbstractInstanceRegistry - Registered instance AUTH-SERVICE/host.docker.internal:auth-service:8010 with status UP (replication=false)
2025-03-24 13:24:02 [Eureka-EvictionTimer] INFO  c.n.e.r.AbstractInstanceRegistry - Running the evict task with compensationTime 6ms
2025-03-24 13:25:02 [Eureka-PeerNodesUpdater] WARN  c.n.eureka.cluster.PeerEurekaNodes - The replica size seems to be empty. Check the route 53 DNS Registry
2025-03-24 13:25:02 [Eureka-EvictionTimer] INFO  c.n.e.r.AbstractInstanceRegistry - Running the evict task with compensationTime 14ms
2025-03-24 13:26:02 [Eureka-EvictionTimer] INFO  c.n.e.r.AbstractInstanceRegistry - Running the evict task with compensationTime 0ms
2025-03-24 13:27:02 [Eureka-EvictionTimer] INFO  c.n.e.r.AbstractInstanceRegistry - Running the evict task with compensationTime 0ms
2025-03-24 13:28:02 [Eureka-EvictionTimer] INFO  c.n.e.r.AbstractInstanceRegistry - Running the evict task with compensationTime 5ms
2025-03-24 13:28:27 [http-nio-8000-exec-2] INFO  c.n.e.r.AbstractInstanceRegistry - Registered instance AUTH-SERVICE/host.docker.internal:auth-service:8010 with status DOWN (replication=false)
2025-03-24 13:28:31 [http-nio-8000-exec-7] INFO  c.n.e.r.AbstractInstanceRegistry - Cancelled instance AUTH-SERVICE/host.docker.internal:auth-service:8010 (replication=false)
2025-03-24 13:28:36 [http-nio-8000-exec-6] INFO  c.n.e.r.AbstractInstanceRegistry - Registered instance AUTH-SERVICE/host.docker.internal:auth-service:8010 with status UP (replication=false)
2025-03-24 13:28:40 [http-nio-8000-exec-4] INFO  c.n.e.r.AbstractInstanceRegistry - Registered instance USER-SERVICE/host.docker.internal:user-service:8040 with status DOWN (replication=false)
2025-03-24 13:28:43 [http-nio-8000-exec-9] INFO  c.n.e.r.AbstractInstanceRegistry - Cancelled instance USER-SERVICE/host.docker.internal:user-service:8040 (replication=false)
2025-03-24 13:28:49 [http-nio-8000-exec-2] INFO  c.n.e.r.AbstractInstanceRegistry - Registered instance USER-SERVICE/host.docker.internal:user-service:8040 with status UP (replication=false)
2025-03-24 13:29:02 [Eureka-EvictionTimer] INFO  c.n.e.r.AbstractInstanceRegistry - Running the evict task with compensationTime 6ms
2025-03-24 13:30:02 [ReplicaAwareInstanceRegistry - RenewalThresholdUpdater] INFO  c.n.e.r.PeerAwareInstanceRegistryImpl - Current renewal threshold is : 13
2025-03-24 13:30:02 [Eureka-EvictionTimer] INFO  c.n.e.r.AbstractInstanceRegistry - Running the evict task with compensationTime 8ms
2025-03-24 13:31:03 [Eureka-EvictionTimer] INFO  c.n.e.r.AbstractInstanceRegistry - Running the evict task with compensationTime 13ms
2025-03-24 13:32:03 [Eureka-EvictionTimer] INFO  c.n.e.r.AbstractInstanceRegistry - Running the evict task with compensationTime 13ms
2025-03-24 13:33:03 [Eureka-EvictionTimer] INFO  c.n.e.r.AbstractInstanceRegistry - Running the evict task with compensationTime 4ms
2025-03-24 13:33:33 [http-nio-8000-exec-3] INFO  c.n.e.r.AbstractInstanceRegistry - Registered instance AUTH-SERVICE/host.docker.internal:auth-service:8010 with status DOWN (replication=false)
2025-03-24 13:33:33 [http-nio-8000-exec-6] INFO  c.n.e.r.AbstractInstanceRegistry - Registered instance USER-SERVICE/host.docker.internal:user-service:8040 with status DOWN (replication=false)
2025-03-24 13:33:33 [http-nio-8000-exec-8] INFO  c.n.e.r.AbstractInstanceRegistry - Registered instance API-GATEWAY/host.docker.internal:api-gateway:8080 with status DOWN (replication=false)
2025-03-24 13:33:33 [http-nio-8000-exec-2] INFO  c.n.e.r.AbstractInstanceRegistry - Registered instance SEARCH-SERVICE/host.docker.internal:search-service:8060 with status DOWN (replication=false)
2025-03-24 13:33:33 [http-nio-8000-exec-4] INFO  c.n.e.r.AbstractInstanceRegistry - Registered instance PASTE-SERVICE/host.docker.internal:paste-service:8020 with status DOWN (replication=false)
2025-03-24 13:33:33 [http-nio-8000-exec-10] INFO  c.n.e.r.AbstractInstanceRegistry - Registered instance HASH-SERVICE/host.docker.internal:hash-service:8030 with status DOWN (replication=false)
2025-03-24 13:33:33 [http-nio-8000-exec-9] INFO  c.n.e.r.AbstractInstanceRegistry - Registered instance NOTIFICATION-SERVICE/host.docker.internal:notification-service:8050 with status DOWN (replication=false)
2025-03-24 13:33:33 [SpringApplicationShutdownHook] INFO  o.s.c.n.e.s.EurekaServiceRegistry - Unregistering application SERVICE-REGISTRY with eureka with status DOWN
2025-03-24 13:33:34 [SpringApplicationShutdownHook] INFO  o.s.c.n.e.s.EurekaServerBootstrap - Shutting down Eureka Server..
2025-03-24 13:33:34 [SpringApplicationShutdownHook] INFO  c.n.e.DefaultEurekaServerContext - Shutting down ...
2025-03-24 13:33:34 [SpringApplicationShutdownHook] INFO  c.n.e.DefaultEurekaServerContext - Shut down
2025-03-24 13:33:34 [SpringApplicationShutdownHook] INFO  o.s.c.n.e.s.EurekaServerBootstrap - Eureka Service is now shutdown...
2025-03-24 13:33:34 [SpringApplicationShutdownHook] INFO  c.n.e.DefaultEurekaServerContext - Shutting down ...
2025-03-24 13:33:34 [SpringApplicationShutdownHook] INFO  c.n.e.DefaultEurekaServerContext - Shut down
2025-03-24 13:33:34 [SpringApplicationShutdownHook] INFO  c.netflix.discovery.DiscoveryClient - Shutting down DiscoveryClient ...
2025-03-24 13:33:34 [SpringApplicationShutdownHook] INFO  c.netflix.discovery.DiscoveryClient - Completed shut down of DiscoveryClient
